2024-11-25 14:04:58,876 - api_logger - INFO - Logging setup complete and writing to ./api_log.log
2024-11-25 14:19:09,085 - api_logger - INFO - Request for /chat/sessions at 2024-11-25 14:19:09.085699
2024-11-25 14:21:09,364 - api_logger - INFO - Request for /chat/sessions at 2024-11-25 14:21:09.364629
2024-11-25 14:21:25,081 - api_logger - INFO - Request for /chat/sessions at 2024-11-25 14:21:25.081291
2024-11-25 14:21:56,887 - api_logger - INFO - Request for /chat/sessions at 2024-11-25 14:21:56.887020
2024-11-25 14:22:08,497 - api_logger - INFO - Request for /chat/sessions at 2024-11-25 14:22:08.497361
2024-11-25 14:22:10,543 - api_logger - INFO - Request for /chat/sessions at 2024-11-25 14:22:10.543907
2024-11-25 14:22:12,625 - api_logger - INFO - Request for /chat/sessions at 2024-11-25 14:22:12.625091
2024-11-25 14:22:14,661 - api_logger - INFO - Request for /chat/sessions at 2024-11-25 14:22:14.661517
2024-11-25 14:44:52,331 - api_logger - INFO - Logging setup complete and writing to ./api_log.log
2024-11-25 14:45:14,113 - api_logger - INFO - Request for /chat/ at 2024-11-25 14:45:14.113007
2024-11-25 14:45:46,210 - api_logger - INFO - Request for /chat/ at 2024-11-25 14:45:46.210271
2024-11-25 14:46:18,290 - api_logger - INFO - Request for /chat/ at 2024-11-25 14:46:18.290463
2024-11-25 14:46:50,359 - api_logger - INFO - Request for /chat/ at 2024-11-25 14:46:50.359442
2024-11-25 14:47:22,472 - api_logger - INFO - Request for /chat/ at 2024-11-25 14:47:22.472375
2024-11-25 14:47:54,565 - api_logger - INFO - Request for /chat/ at 2024-11-25 14:47:54.565300
2024-11-25 14:48:15,831 - api_logger - INFO - Logging setup complete and writing to ./api_log.log
2024-11-25 14:49:10,110 - api_logger - INFO - Logging setup complete and writing to ./api_log.log
2024-11-25 14:49:38,840 - api_logger - INFO - Request for /chat/health/liveness at 2024-11-25 14:49:38.840010
2024-11-25 14:49:38,979 - api_logger - INFO - Request for /chat/health/liveness at 2024-11-25 14:49:38.979921
2024-11-25 14:50:53,021 - api_logger - INFO - Request for /health/liveness at 2024-11-25 14:50:53.021454
2024-11-25 14:50:55,533 - api_logger - INFO - Request for /health/liveness at 2024-11-25 14:50:55.533179
2024-11-25 14:50:58,514 - api_logger - INFO - Request for /health/liveness at 2024-11-25 14:50:58.514574
2024-11-25 14:51:33,391 - api_logger - INFO - Request for /health/liveness at 2024-11-25 14:51:33.391651
2024-11-25 14:51:43,668 - api_logger - INFO - Request for /health/liveness at 2024-11-25 14:51:43.668131
2024-11-25 14:51:59,928 - api_logger - INFO - Request for /health/liveness at 2024-11-25 14:51:59.928575
2024-11-25 14:52:16,349 - api_logger - INFO - Request for /health/liveness at 2024-11-25 14:52:16.349965
2024-11-25 14:54:16,966 - api_logger - INFO - Request for /health/liveness at 2024-11-25 14:54:16.966596
2024-11-25 14:57:20,236 - api_logger - INFO - Request for /health/liveness at 2024-11-25 14:57:20.236282
2024-11-25 14:57:22,451 - api_logger - INFO - Request for /health/liveness at 2024-11-25 14:57:22.451713
2024-11-25 14:59:16,559 - api_logger - INFO - Request for /health/liveness at 2024-11-25 14:59:16.559634
2024-11-25 14:59:53,354 - api_logger - INFO - Request for /health/liveness at 2024-11-25 14:59:53.354969
2024-11-25 14:59:55,408 - api_logger - INFO - Request for /chat/None/messages at 2024-11-25 14:59:55.408552
2024-11-25 15:00:25,146 - api_logger - INFO - Request for /health/liveness at 2024-11-25 15:00:25.146162
2024-11-25 15:00:27,198 - api_logger - INFO - Request for /chat/None/messages at 2024-11-25 15:00:27.198524
2024-11-25 15:01:04,656 - api_logger - INFO - Request for /health/liveness at 2024-11-25 15:01:04.656074
2024-11-25 15:01:36,996 - api_logger - INFO - Logging setup complete and writing to ./api_log.log
2024-11-25 15:01:39,640 - api_logger - INFO - Request for /health/liveness at 2024-11-25 15:01:39.640467
2024-11-25 15:02:05,804 - api_logger - INFO - Request for /health/liveness at 2024-11-25 15:02:05.803853
2024-11-25 15:02:18,248 - api_logger - INFO - Request for /health/liveness at 2024-11-25 15:02:18.248040
2024-11-25 15:02:20,299 - api_logger - INFO - Request for /chat/f6c307d9-a5fa-4d38-b9b7-6e96b212b990/messages at 2024-11-25 15:02:20.299986
2024-11-25 15:06:06,880 - api_logger - INFO - Request for /health/liveness at 2024-11-25 15:06:06.880580
2024-11-25 15:06:08,920 - api_logger - INFO - Request for /chat/15e26570-e7b1-464d-b18b-6f774bb282fd/messages at 2024-11-25 15:06:08.920260
2024-11-25 15:06:45,266 - api_logger - INFO - Request for /health/liveness at 2024-11-25 15:06:45.266699
2024-11-25 15:06:47,316 - api_logger - INFO - Request for /chat/99e6d91a-57da-47c0-a473-66edcadcce72/messages at 2024-11-25 15:06:47.315115
2024-11-25 15:23:29,829 - api_logger - INFO - Request for /health/liveness at 2024-11-25 15:23:29.829637
2024-11-25 15:23:31,883 - api_logger - INFO - Request for /chat/f68d3247-9fc5-4b2d-be85-efd9e0ae73ef/messages at 2024-11-25 15:23:31.883491
2024-11-25 15:24:55,244 - api_logger - INFO - Request for /health/liveness at 2024-11-25 15:24:55.244721
2024-11-25 15:24:56,474 - api_logger - INFO - Request for /health/liveness at 2024-11-25 15:24:56.474551
2024-11-25 15:24:58,513 - api_logger - INFO - Request for /chat/f68d3247-9fc5-4b2d-be85-efd9e0ae73ef/messages at 2024-11-25 15:24:58.513508
2024-11-25 15:25:00,565 - api_logger - INFO - Request for /chat/f68d3247-9fc5-4b2d-be85-efd9e0ae73ef/send_message_vector_db at 2024-11-25 15:25:00.565796
2024-11-25 15:25:02,623 - api_logger - INFO - Request for /chat/f68d3247-9fc5-4b2d-be85-efd9e0ae73ef/send_message_vector_db at 2024-11-25 15:25:02.623335
2024-11-25 15:25:04,676 - api_logger - INFO - Request for /chat/f68d3247-9fc5-4b2d-be85-efd9e0ae73ef/send_message_vector_db at 2024-11-25 15:25:04.676598
2024-11-25 15:26:46,952 - api_logger - INFO - Request for /health/liveness at 2024-11-25 15:26:46.952563
2024-11-25 15:27:02,599 - api_logger - INFO - Request for /health/liveness at 2024-11-25 15:27:02.599441
2024-11-25 15:27:04,648 - api_logger - INFO - Request for /chat/f6f51cc7-9dce-413e-9e8d-a2b7ba46b09a/start_session at 2024-11-25 15:27:04.648686
2024-11-25 15:27:06,686 - api_logger - INFO - Request for /chat/f6f51cc7-9dce-413e-9e8d-a2b7ba46b09a/messages at 2024-11-25 15:27:06.686997
2024-11-25 15:30:06,178 - api_logger - INFO - Request for /health/liveness at 2024-11-25 15:30:06.178574
2024-11-25 15:30:08,232 - api_logger - INFO - Request for /chat/bb9e08e1-c1f2-4eca-9b68-b0f353ff6dff/start_session at 2024-11-25 15:30:08.232102
2024-11-25 15:30:10,281 - api_logger - INFO - Request for /chat/bb9e08e1-c1f2-4eca-9b68-b0f353ff6dff/messages at 2024-11-25 15:30:10.281909
2024-11-25 15:30:29,340 - api_logger - INFO - Request for /health/liveness at 2024-11-25 15:30:29.340479
2024-11-25 15:30:31,395 - api_logger - INFO - Request for /chat/bb9e08e1-c1f2-4eca-9b68-b0f353ff6dff/messages at 2024-11-25 15:30:31.395449
2024-11-25 15:30:33,455 - api_logger - INFO - Request for /chat/bb9e08e1-c1f2-4eca-9b68-b0f353ff6dff/send_message_vector_db at 2024-11-25 15:30:33.455185
2024-11-25 15:30:35,506 - api_logger - INFO - Request for /chat/bb9e08e1-c1f2-4eca-9b68-b0f353ff6dff/send_message_vector_db at 2024-11-25 15:30:35.506312
2024-11-25 15:30:37,546 - api_logger - INFO - Request for /chat/bb9e08e1-c1f2-4eca-9b68-b0f353ff6dff/send_message_vector_db at 2024-11-25 15:30:37.546754
2024-11-25 15:33:26,528 - api_logger - INFO - Request for /health/liveness at 2024-11-25 15:33:26.528539
2024-11-25 15:33:28,578 - api_logger - INFO - Request for /chat/bb9e08e1-c1f2-4eca-9b68-b0f353ff6dff/messages at 2024-11-25 15:33:28.578841
2024-11-25 15:33:30,616 - api_logger - INFO - Request for /chat/bb9e08e1-c1f2-4eca-9b68-b0f353ff6dff/send_message_vector_db at 2024-11-25 15:33:30.616728
2024-11-25 15:33:32,651 - api_logger - INFO - Request for /chat/bb9e08e1-c1f2-4eca-9b68-b0f353ff6dff/send_message_vector_db at 2024-11-25 15:33:32.651184
2024-11-25 15:33:34,692 - api_logger - INFO - Request for /chat/bb9e08e1-c1f2-4eca-9b68-b0f353ff6dff/send_message_vector_db at 2024-11-25 15:33:34.691910
2024-11-25 15:34:46,885 - api_logger - INFO - Request for /health/liveness at 2024-11-25 15:34:46.885766
2024-11-25 15:34:48,927 - api_logger - INFO - Request for /chat/1fa60c8e-62eb-45e9-87b0-adbf7a13f85e/start_session at 2024-11-25 15:34:48.927094
2024-11-25 15:34:50,975 - api_logger - INFO - Request for /chat/1fa60c8e-62eb-45e9-87b0-adbf7a13f85e/messages at 2024-11-25 15:34:50.974952
2024-11-25 15:35:07,501 - api_logger - INFO - Request for /health/liveness at 2024-11-25 15:35:07.501801
2024-11-25 15:35:09,553 - api_logger - INFO - Request for /chat/1fa60c8e-62eb-45e9-87b0-adbf7a13f85e/messages at 2024-11-25 15:35:09.553259
2024-11-25 15:35:11,609 - api_logger - INFO - Request for /chat/1fa60c8e-62eb-45e9-87b0-adbf7a13f85e/send_message_vector_db at 2024-11-25 15:35:11.609200
2024-11-25 15:35:13,664 - api_logger - INFO - Request for /chat/1fa60c8e-62eb-45e9-87b0-adbf7a13f85e/send_message_vector_db at 2024-11-25 15:35:13.664198
2024-11-25 15:35:15,720 - api_logger - INFO - Request for /chat/1fa60c8e-62eb-45e9-87b0-adbf7a13f85e/send_message_vector_db at 2024-11-25 15:35:15.720974
2024-11-25 15:38:26,312 - api_logger - INFO - Request for /health/liveness at 2024-11-25 15:38:26.312095
2024-11-25 15:38:28,362 - api_logger - INFO - Request for /chat/75e63f42-37cd-4907-9410-fc6a96a6c2a8/start_session at 2024-11-25 15:38:28.362853
2024-11-25 15:38:30,412 - api_logger - INFO - Request for /chat/75e63f42-37cd-4907-9410-fc6a96a6c2a8/messages at 2024-11-25 15:38:30.412902
2024-11-25 15:38:42,673 - api_logger - INFO - Request for /health/liveness at 2024-11-25 15:38:42.673910
2024-11-25 15:38:44,728 - api_logger - INFO - Request for /chat/75e63f42-37cd-4907-9410-fc6a96a6c2a8/messages at 2024-11-25 15:38:44.728085
2024-11-25 15:38:46,774 - api_logger - INFO - Request for /chat/75e63f42-37cd-4907-9410-fc6a96a6c2a8/send_message_vector_db at 2024-11-25 15:38:46.774317
2024-11-25 15:38:48,825 - api_logger - INFO - Request for /chat/75e63f42-37cd-4907-9410-fc6a96a6c2a8/send_message_vector_db at 2024-11-25 15:38:48.825347
2024-11-25 15:38:50,877 - api_logger - INFO - Request for /chat/75e63f42-37cd-4907-9410-fc6a96a6c2a8/send_message_vector_db at 2024-11-25 15:38:50.877430
2024-11-25 15:39:09,243 - api_logger - INFO - Request for /health/liveness at 2024-11-25 15:39:09.243202
2024-11-25 15:39:11,290 - api_logger - INFO - Request for /chat/5f73f1b5-e012-44b6-9ffd-8dff448b1f86/start_session at 2024-11-25 15:39:11.289666
2024-11-25 15:39:13,332 - api_logger - INFO - Request for /chat/5f73f1b5-e012-44b6-9ffd-8dff448b1f86/messages at 2024-11-25 15:39:13.332250
2024-11-25 15:39:16,879 - api_logger - INFO - Request for /health/liveness at 2024-11-25 15:39:16.879881
2024-11-25 15:39:18,931 - api_logger - INFO - Request for /chat/5f73f1b5-e012-44b6-9ffd-8dff448b1f86/messages at 2024-11-25 15:39:18.930351
2024-11-25 15:39:20,983 - api_logger - INFO - Request for /chat/5f73f1b5-e012-44b6-9ffd-8dff448b1f86/send_message_vector_db at 2024-11-25 15:39:20.983471
2024-11-25 15:39:23,033 - api_logger - INFO - Request for /chat/5f73f1b5-e012-44b6-9ffd-8dff448b1f86/send_message_vector_db at 2024-11-25 15:39:23.033396
2024-11-25 15:39:25,082 - api_logger - INFO - Request for /chat/5f73f1b5-e012-44b6-9ffd-8dff448b1f86/send_message_vector_db at 2024-11-25 15:39:25.082409
2024-11-25 15:47:06,771 - api_logger - INFO - Request for /health/liveness at 2024-11-25 15:47:06.771609
2024-11-25 15:47:08,823 - api_logger - INFO - Request for /chat/3f609b3d-c50f-4dd5-a4de-73b6ec993a6f/start_session at 2024-11-25 15:47:08.823250
2024-11-25 15:47:10,872 - api_logger - INFO - Request for /chat/3f609b3d-c50f-4dd5-a4de-73b6ec993a6f/messages at 2024-11-25 15:47:10.872429
2024-11-25 15:47:17,763 - api_logger - INFO - Request for /health/liveness at 2024-11-25 15:47:17.763447
2024-11-25 15:47:19,816 - api_logger - INFO - Request for /chat/3f609b3d-c50f-4dd5-a4de-73b6ec993a6f/messages at 2024-11-25 15:47:19.816431
2024-11-25 15:47:21,872 - api_logger - INFO - Request for /chat/3f609b3d-c50f-4dd5-a4de-73b6ec993a6f/send_message_vector_db at 2024-11-25 15:47:21.872306
2024-11-25 15:47:23,910 - api_logger - INFO - Request for /chat/3f609b3d-c50f-4dd5-a4de-73b6ec993a6f/send_message_vector_db at 2024-11-25 15:47:23.910723
2024-11-25 15:47:25,965 - api_logger - INFO - Request for /chat/3f609b3d-c50f-4dd5-a4de-73b6ec993a6f/send_message_vector_db at 2024-11-25 15:47:25.965622
2024-11-25 15:48:49,104 - api_logger - INFO - Request for /health/liveness at 2024-11-25 15:48:49.104371
2024-11-25 15:48:51,157 - api_logger - INFO - Request for /chat/7c3ebe84-c1f5-4a57-999b-c5a0ce0e152e/start_session at 2024-11-25 15:48:51.157185
2024-11-25 15:48:53,201 - api_logger - INFO - Request for /chat/7c3ebe84-c1f5-4a57-999b-c5a0ce0e152e/messages at 2024-11-25 15:48:53.201315
2024-11-25 15:49:02,733 - api_logger - INFO - Request for /health/liveness at 2024-11-25 15:49:02.733952
2024-11-25 15:49:04,773 - api_logger - INFO - Request for /chat/7c3ebe84-c1f5-4a57-999b-c5a0ce0e152e/messages at 2024-11-25 15:49:04.773257
2024-11-25 15:49:06,824 - api_logger - INFO - Request for /chat/7c3ebe84-c1f5-4a57-999b-c5a0ce0e152e/send_message_vector_db at 2024-11-25 15:49:06.824227
2024-11-25 15:49:08,874 - api_logger - INFO - Request for /chat/7c3ebe84-c1f5-4a57-999b-c5a0ce0e152e/send_message_vector_db at 2024-11-25 15:49:08.874838
2024-11-25 15:49:10,929 - api_logger - INFO - Request for /chat/7c3ebe84-c1f5-4a57-999b-c5a0ce0e152e/send_message_vector_db at 2024-11-25 15:49:10.929212
2024-11-25 15:49:40,930 - api_logger - INFO - Request for /health/liveness at 2024-11-25 15:49:40.929340
2024-11-25 15:49:42,982 - api_logger - INFO - Request for /chat/7c3ebe84-c1f5-4a57-999b-c5a0ce0e152e/messages at 2024-11-25 15:49:42.982439
2024-11-25 15:49:45,028 - api_logger - INFO - Request for /chat/7c3ebe84-c1f5-4a57-999b-c5a0ce0e152e/send_message_vector_db at 2024-11-25 15:49:45.028842
2024-11-25 15:49:47,081 - api_logger - INFO - Request for /chat/7c3ebe84-c1f5-4a57-999b-c5a0ce0e152e/send_message_vector_db at 2024-11-25 15:49:47.081924
2024-11-25 15:49:49,130 - api_logger - INFO - Request for /chat/7c3ebe84-c1f5-4a57-999b-c5a0ce0e152e/send_message_vector_db at 2024-11-25 15:49:49.130695
2024-11-25 15:51:26,392 - api_logger - INFO - Request for /health/liveness at 2024-11-25 15:51:26.392164
2024-11-25 15:51:28,436 - api_logger - INFO - Request for /chat/13e2b69c-59fd-47cf-b50d-f3b1d14ebf7a/start_session at 2024-11-25 15:51:28.436317
2024-11-25 15:51:30,494 - api_logger - INFO - Request for /chat/13e2b69c-59fd-47cf-b50d-f3b1d14ebf7a/messages at 2024-11-25 15:51:30.493852
2024-11-25 15:51:34,469 - api_logger - INFO - Request for /health/liveness at 2024-11-25 15:51:34.469096
2024-11-25 15:51:36,497 - api_logger - INFO - Request for /chat/13e2b69c-59fd-47cf-b50d-f3b1d14ebf7a/messages at 2024-11-25 15:51:36.497157
2024-11-25 15:51:38,538 - api_logger - INFO - Request for /chat/13e2b69c-59fd-47cf-b50d-f3b1d14ebf7a/send_message_vector_db at 2024-11-25 15:51:38.538565
2024-11-25 15:53:22,925 - httpx - INFO - HTTP Request: POST http://localhost:11434/api/chat "HTTP/1.1 200 OK"
2024-11-25 15:54:05,968 - api_logger - INFO - Request for /health/liveness at 2024-11-25 15:54:05.968243
2024-11-25 15:54:08,007 - api_logger - INFO - Request for /chat/13e2b69c-59fd-47cf-b50d-f3b1d14ebf7a/messages at 2024-11-25 15:54:08.006517
2024-11-25 16:00:08,602 - api_logger - INFO - Logging setup complete and writing to ./api_log.log
2024-11-25 16:00:14,666 - api_logger - INFO - Request for /health/liveness at 2024-11-25 16:00:14.666076
2024-11-25 16:00:16,716 - api_logger - INFO - Request for /chat/a06b3bf8-b347-45ba-bb4c-62c5bdf29ade/start_session at 2024-11-25 16:00:16.716125
2024-11-25 16:00:18,768 - api_logger - INFO - Request for /chat/a06b3bf8-b347-45ba-bb4c-62c5bdf29ade/messages at 2024-11-25 16:00:18.768964
2024-11-25 16:00:30,291 - api_logger - INFO - Request for /health/liveness at 2024-11-25 16:00:30.291128
2024-11-25 16:00:32,346 - api_logger - INFO - Request for /chat/a06b3bf8-b347-45ba-bb4c-62c5bdf29ade/messages at 2024-11-25 16:00:32.346620
2024-11-25 16:00:34,381 - api_logger - INFO - Request for /chat/a06b3bf8-b347-45ba-bb4c-62c5bdf29ade/send_message_vector_db at 2024-11-25 16:00:34.381088
2024-11-25 16:01:42,791 - httpx - INFO - HTTP Request: POST http://localhost:11434/api/chat "HTTP/1.1 200 OK"
2024-11-25 16:02:10,861 - api_logger - INFO - Request for /health/liveness at 2024-11-25 16:02:10.861440
2024-11-25 16:02:12,910 - api_logger - INFO - Request for /chat/a06b3bf8-b347-45ba-bb4c-62c5bdf29ade/messages at 2024-11-25 16:02:12.910094
